[20-Jul-2025 20:58:12 UTC] PHP Deprecated:  Optional parameter $options declared before required parameter $ad is implicitly treated as a required parameter in /home/inspoquotetoday/public_html/bestbrainz.com/wp-content/plugins/advanced-ads/classes/display-conditions.php on line 208
[20-Jul-2025 20:58:14 UTC] PHP Warning:  require_once(/home/inspoquotetoday/public_html/bestbrainz.com/wp-content/plugins/rpm-booster/includes/query.php): Failed to open stream: No such file or directory in /home/inspoquotetoday/public_html/bestbrainz.com/wp-content/plugins/rpm-booster/rpm-booster.php on line 58
[20-Jul-2025 20:58:14 UTC] PHP Fatal error:  Uncaught Error: Failed opening required '/home/inspoquotetoday/public_html/bestbrainz.com/wp-content/plugins/rpm-booster/includes/query.php' (include_path='.:/usr/local/apps/php81/lib/php') in /home/inspoquotetoday/public_html/bestbrainz.com/wp-content/plugins/rpm-booster/rpm-booster.php:58
Stack trace:
#0 /home/inspoquotetoday/public_html/bestbrainz.com/wp-content/plugins/rpm-booster/rpm-booster.php(41): RPM_Booster->load_includes()
#1 /home/inspoquotetoday/public_html/bestbrainz.com/wp-includes/class-wp-hook.php(324): RPM_Booster->init('')
#2 /home/inspoquotetoday/public_html/bestbrainz.com/wp-includes/class-wp-hook.php(348): WP_Hook->apply_filters(NULL, Array)
#3 /home/inspoquotetoday/public_html/bestbrainz.com/wp-includes/plugin.php(517): WP_Hook->do_action(Array)
#4 /home/inspoquotetoday/public_html/bestbrainz.com/wp-settings.php(727): do_action('init')
#5 /home/inspoquotetoday/public_html/bestbrainz.com/wp-config.php(108): require_once('/home/inspoquot...')
#6 /home/inspoquotetoday/public_html/bestbrainz.com/wp-load.php(50): require_once('/home/inspoquot...')
#7 /home/inspoquotetoday/public_html/bestbrainz.com/wp-admin/admin.php(35): require_once('/home/inspoquot...')
#8 /home/inspoquotetoday/public_html/bestbrainz.com/wp-admin/plugins.php(10): require_once('/home/inspoquot...')
#9 {main}
  thrown in /home/inspoquotetoday/public_html/bestbrainz.com/wp-content/plugins/rpm-booster/rpm-booster.php on line 58
[20-Jul-2025 20:58:15 UTC] PHP Warning:  require_once(/home/inspoquotetoday/public_html/bestbrainz.com/wp-content/plugins/rpm-booster/includes/query.php): Failed to open stream: No such file or directory in /home/inspoquotetoday/public_html/bestbrainz.com/wp-content/plugins/rpm-booster/rpm-booster.php on line 58
[20-Jul-2025 20:58:15 UTC] PHP Fatal error:  Uncaught Error: Failed opening required '/home/inspoquotetoday/public_html/bestbrainz.com/wp-content/plugins/rpm-booster/includes/query.php' (include_path='.:/usr/local/apps/php81/lib/php') in /home/inspoquotetoday/public_html/bestbrainz.com/wp-content/plugins/rpm-booster/rpm-booster.php:58
Stack trace:
#0 /home/inspoquotetoday/public_html/bestbrainz.com/wp-content/plugins/rpm-booster/rpm-booster.php(41): RPM_Booster->load_includes()
#1 /home/inspoquotetoday/public_html/bestbrainz.com/wp-includes/class-wp-hook.php(324): RPM_Booster->init('')
#2 /home/inspoquotetoday/public_html/bestbrainz.com/wp-includes/class-wp-hook.php(348): WP_Hook->apply_filters(NULL, Array)
#3 /home/inspoquotetoday/public_html/bestbrainz.com/wp-includes/plugin.php(517): WP_Hook->do_action(Array)
#4 /home/inspoquotetoday/public_html/bestbrainz.com/wp-settings.php(727): do_action('init')
#5 /home/inspoquotetoday/public_html/bestbrainz.com/wp-config.php(108): require_once('/home/inspoquot...')
#6 /home/inspoquotetoday/public_html/bestbrainz.com/wp-load.php(50): require_once('/home/inspoquot...')
#7 /home/inspoquotetoday/public_html/bestbrainz.com/wp-blog-header.php(13): require_once('/home/inspoquot...')
#8 /home/inspoquotetoday/public_html/bestbrainz.com/index.php(17): require('/home/inspoquot...')
#9 {main}
  thrown in /home/inspoquotetoday/public_html/bestbrainz.com/wp-content/plugins/rpm-booster/rpm-booster.php on line 58
[20-Jul-2025 20:58:20 UTC] PHP Warning:  require_once(/home/inspoquotetoday/public_html/bestbrainz.com/wp-content/plugins/rpm-booster/includes/query.php): Failed to open stream: No such file or directory in /home/inspoquotetoday/public_html/bestbrainz.com/wp-content/plugins/rpm-booster/rpm-booster.php on line 58
[20-Jul-2025 20:58:20 UTC] PHP Fatal error:  Uncaught Error: Failed opening required '/home/inspoquotetoday/public_html/bestbrainz.com/wp-content/plugins/rpm-booster/includes/query.php' (include_path='.:/usr/local/apps/php81/lib/php') in /home/inspoquotetoday/public_html/bestbrainz.com/wp-content/plugins/rpm-booster/rpm-booster.php:58
Stack trace:
#0 /home/inspoquotetoday/public_html/bestbrainz.com/wp-content/plugins/rpm-booster/rpm-booster.php(41): RPM_Booster->load_includes()
#1 /home/inspoquotetoday/public_html/bestbrainz.com/wp-includes/class-wp-hook.php(324): RPM_Booster->init('')
#2 /home/inspoquotetoday/public_html/bestbrainz.com/wp-includes/class-wp-hook.php(348): WP_Hook->apply_filters(NULL, Array)
#3 /home/inspoquotetoday/public_html/bestbrainz.com/wp-includes/plugin.php(517): WP_Hook->do_action(Array)
#4 /home/inspoquotetoday/public_html/bestbrainz.com/wp-settings.php(727): do_action('init')
#5 /home/inspoquotetoday/public_html/bestbrainz.com/wp-config.php(108): require_once('/home/inspoquot...')
#6 /home/inspoquotetoday/public_html/bestbrainz.com/wp-load.php(50): require_once('/home/inspoquot...')
#7 /home/inspoquotetoday/public_html/bestbrainz.com/wp-blog-header.php(13): require_once('/home/inspoquot...')
#8 /home/inspoquotetoday/public_html/bestbrainz.com/index.php(17): require('/home/inspoquot...')
#9 {main}
  thrown in /home/inspoquotetoday/public_html/bestbrainz.com/wp-content/plugins/rpm-booster/rpm-booster.php on line 58
[20-Jul-2025 20:58:21 UTC] PHP Warning:  require_once(/home/inspoquotetoday/public_html/bestbrainz.com/wp-content/plugins/rpm-booster/includes/query.php): Failed to open stream: No such file or directory in /home/inspoquotetoday/public_html/bestbrainz.com/wp-content/plugins/rpm-booster/rpm-booster.php on line 58
[20-Jul-2025 20:58:21 UTC] PHP Fatal error:  Uncaught Error: Failed opening required '/home/inspoquotetoday/public_html/bestbrainz.com/wp-content/plugins/rpm-booster/includes/query.php' (include_path='.:/usr/local/apps/php81/lib/php') in /home/inspoquotetoday/public_html/bestbrainz.com/wp-content/plugins/rpm-booster/rpm-booster.php:58
Stack trace:
#0 /home/inspoquotetoday/public_html/bestbrainz.com/wp-content/plugins/rpm-booster/rpm-booster.php(41): RPM_Booster->load_includes()
#1 /home/inspoquotetoday/public_html/bestbrainz.com/wp-includes/class-wp-hook.php(324): RPM_Booster->init('')
#2 /home/inspoquotetoday/public_html/bestbrainz.com/wp-includes/class-wp-hook.php(348): WP_Hook->apply_filters(NULL, Array)
#3 /home/inspoquotetoday/public_html/bestbrainz.com/wp-includes/plugin.php(517): WP_Hook->do_action(Array)
#4 /home/inspoquotetoday/public_html/bestbrainz.com/wp-settings.php(727): do_action('init')
#5 /home/inspoquotetoday/public_html/bestbrainz.com/wp-config.php(108): require_once('/home/inspoquot...')
#6 /home/inspoquotetoday/public_html/bestbrainz.com/wp-load.php(50): require_once('/home/inspoquot...')
#7 /home/inspoquotetoday/public_html/bestbrainz.com/wp-blog-header.php(13): require_once('/home/inspoquot...')
#8 /home/inspoquotetoday/public_html/bestbrainz.com/index.php(17): require('/home/inspoquot...')
#9 {main}
  thrown in /home/inspoquotetoday/public_html/bestbrainz.com/wp-content/plugins/rpm-booster/rpm-booster.php on line 58
[20-Jul-2025 20:58:21 UTC] PHP Warning:  require_once(/home/inspoquotetoday/public_html/bestbrainz.com/wp-content/plugins/rpm-booster/includes/query.php): Failed to open stream: No such file or directory in /home/inspoquotetoday/public_html/bestbrainz.com/wp-content/plugins/rpm-booster/rpm-booster.php on line 58
[20-Jul-2025 20:58:21 UTC] PHP Fatal error:  Uncaught Error: Failed opening required '/home/inspoquotetoday/public_html/bestbrainz.com/wp-content/plugins/rpm-booster/includes/query.php' (include_path='.:/usr/local/apps/php81/lib/php') in /home/inspoquotetoday/public_html/bestbrainz.com/wp-content/plugins/rpm-booster/rpm-booster.php:58
Stack trace:
#0 /home/inspoquotetoday/public_html/bestbrainz.com/wp-content/plugins/rpm-booster/rpm-booster.php(41): RPM_Booster->load_includes()
#1 /home/inspoquotetoday/public_html/bestbrainz.com/wp-includes/class-wp-hook.php(324): RPM_Booster->init('')
#2 /home/inspoquotetoday/public_html/bestbrainz.com/wp-includes/class-wp-hook.php(348): WP_Hook->apply_filters(NULL, Array)
#3 /home/inspoquotetoday/public_html/bestbrainz.com/wp-includes/plugin.php(517): WP_Hook->do_action(Array)
#4 /home/inspoquotetoday/public_html/bestbrainz.com/wp-settings.php(727): do_action('init')
#5 /home/inspoquotetoday/public_html/bestbrainz.com/wp-config.php(108): require_once('/home/inspoquot...')
#6 /home/inspoquotetoday/public_html/bestbrainz.com/wp-load.php(50): require_once('/home/inspoquot...')
#7 /home/inspoquotetoday/public_html/bestbrainz.com/wp-blog-header.php(13): require_once('/home/inspoquot...')
#8 /home/inspoquotetoday/public_html/bestbrainz.com/index.php(17): require('/home/inspoquot...')
#9 {main}
  thrown in /home/inspoquotetoday/public_html/bestbrainz.com/wp-content/plugins/rpm-booster/rpm-booster.php on line 58
[20-Jul-2025 20:58:24 UTC] PHP Warning:  require_once(/home/inspoquotetoday/public_html/bestbrainz.com/wp-content/plugins/rpm-booster/includes/query.php): Failed to open stream: No such file or directory in /home/inspoquotetoday/public_html/bestbrainz.com/wp-content/plugins/rpm-booster/rpm-booster.php on line 58
[20-Jul-2025 20:58:24 UTC] PHP Fatal error:  Uncaught Error: Failed opening required '/home/inspoquotetoday/public_html/bestbrainz.com/wp-content/plugins/rpm-booster/includes/query.php' (include_path='.:/usr/local/apps/php81/lib/php') in /home/inspoquotetoday/public_html/bestbrainz.com/wp-content/plugins/rpm-booster/rpm-booster.php:58
Stack trace:
#0 /home/inspoquotetoday/public_html/bestbrainz.com/wp-content/plugins/rpm-booster/rpm-booster.php(41): RPM_Booster->load_includes()
#1 /home/inspoquotetoday/public_html/bestbrainz.com/wp-includes/class-wp-hook.php(324): RPM_Booster->init('')
#2 /home/inspoquotetoday/public_html/bestbrainz.com/wp-includes/class-wp-hook.php(348): WP_Hook->apply_filters(NULL, Array)
#3 /home/inspoquotetoday/public_html/bestbrainz.com/wp-includes/plugin.php(517): WP_Hook->do_action(Array)
#4 /home/inspoquotetoday/public_html/bestbrainz.com/wp-settings.php(727): do_action('init')
#5 /home/inspoquotetoday/public_html/bestbrainz.com/wp-config.php(108): require_once('/home/inspoquot...')
#6 /home/inspoquotetoday/public_html/bestbrainz.com/wp-load.php(50): require_once('/home/inspoquot...')
#7 /home/inspoquotetoday/public_html/bestbrainz.com/wp-blog-header.php(13): require_once('/home/inspoquot...')
#8 /home/inspoquotetoday/public_html/bestbrainz.com/index.php(17): require('/home/inspoquot...')
#9 {main}
  thrown in /home/inspoquotetoday/public_html/bestbrainz.com/wp-content/plugins/rpm-booster/rpm-booster.php on line 58
